T5398 5684:102.948   SEGGER J-Link V7.67d (beta) Log File
T5398 5684:102.999   DLL Compiled: Jul  5 2022 16:13:51
T5398 5684:103.020   Logging started @ 2022-11-10 03:14
T5398 5684:103.040 - 320.600ms
T5398 5684:103.064 JLINK_ExecCommand("device = ATSAMC21J18A", ...). 
T5398 5684:103.268   Device "ATSAMC21J18A" selected.
T5398 5684:103.575 - 0.504ms returns 0x00
T5398 5684:103.603 JLINK_GetHWStatus(...)
T5398 5684:103.737 - 0.155ms returns 0
T5398 5684:103.774 JLINK_ClrRESET()
T5398 5684:104.010 - 0.253ms
T5398 5684:109.786 JLINK_SetRESET()
T5398 5684:109.912 - 0.150ms
T5398 5684:115.813 JLINK_ClrRESET()
T5398 5684:116.092 - 0.299ms
T5398 5684:121.786 JLINK_ClrTCK()
T5398 5684:121.875 - 0.110ms returns 0
T5398 5684:127.769 JLINK_SetRESET()
T5398 5684:128.289 - 0.529ms
T5398 5684:133.747 JLINK_Clock()
T5398 5684:133.874 - 0.137ms returns 0
T5398 5684:139.698 JLINK_TIF_Select(JLINKARM_TIF_SWD)
T5398 5684:140.344 - 0.657ms returns 0x00
T5398 5684:140.363 JLINK_SetSpeed(50)
T5398 5684:140.421 - 0.067ms
T5398 5684:140.438 JLINK_CORESIGHT_Configure()
T5398 5684:148.906 - 8.489ms returns 0
T5398 5684:148.970 JLINK_CORESIGHT_WriteAPDPReg(DP reg 0x02, 0x00000000)
T5398 5684:177.113 - 28.163ms returns 0
T5398 5684:177.149 JLINK_CORESIGHT_WriteAPDPReg(AP reg 0x00, 0x23000040)
T5398 5684:178.547 - 1.408ms returns 0
T5398 5684:178.566 JLINK_CORESIGHT_WriteAPDPReg(AP reg 0x01, 0x41002101)
T5398 5684:179.687 - 1.131ms returns 0
T5398 5684:179.706 JLINK_CORESIGHT_ReadAPDPReg(AP reg 0x03)
T5398 5684:181.760   Value=0x00100200
T5398 5684:181.777 - 2.075ms returns 0
T5398 5684:181.789 JLINK_CORESIGHT_WriteAPDPReg(AP reg 0x01, 0x41002100)
T5398 5684:182.911 - 1.130ms returns 0
T5398 5684:182.927 JLINK_CORESIGHT_WriteAPDPReg(AP reg 0x03, 0x00000010)
T5398 5684:184.089 - 1.171ms returns 0
T5398 5684:184.107 JLINK_CORESIGHT_WriteAPDPReg(AP reg 0x01, 0x41002101)
T5398 5684:185.269 - 1.170ms returns 0
T5398 5684:185.287 JLINK_CORESIGHT_ReadAPDPReg(AP reg 0x03)
T5398 5684:187.515   Value=0x01100200
T5398 5684:187.534 - 2.251ms returns 0
T5398 5684:387.112 JLINK_CORESIGHT_ReadAPDPReg(AP reg 0x03)
T5398 5684:412.039   Value=0x00000000
T5398 5684:412.071 - 24.962ms returns 0
T5398 5684:612.010 JLINK_CORESIGHT_ReadAPDPReg(AP reg 0x03)
T5398 5684:637.063   Value=0x00000000
T5398 5684:637.095 - 25.089ms returns 0
T5398 5684:837.680 JLINK_CORESIGHT_ReadAPDPReg(AP reg 0x03)
T5398 5684:862.164   Value=0x00000000
T5398 5684:862.271 - 24.610ms returns 0
T5398 5685:062.839 JLINK_CORESIGHT_ReadAPDPReg(AP reg 0x03)
T5398 5685:087.064   Value=0x00000000
T5398 5685:087.095 - 24.261ms returns 0
T5398 5685:287.228 JLINK_CORESIGHT_ReadAPDPReg(AP reg 0x03)
T5398 5685:312.093   Value=0x00000000
T5398 5685:312.131 - 24.909ms returns 0
T5398 5685:512.959 JLINK_CORESIGHT_ReadAPDPReg(AP reg 0x03)
T5398 5685:537.066   Value=0x00000000
T5398 5685:537.095 - 24.140ms returns 0
T5398 5685:737.002 JLINK_CORESIGHT_ReadAPDPReg(AP reg 0x03)
T5398 5685:762.449   Value=0x00000000
T5398 5685:762.494 - 25.498ms returns 0
T5398 5685:963.731 JLINK_CORESIGHT_ReadAPDPReg(AP reg 0x03)
T5398 5685:986.059   Value=0x00000000
T5398 5685:986.091 - 22.365ms returns 0
T5398 5686:186.087 JLINK_CORESIGHT_ReadAPDPReg(AP reg 0x03)
T5398 5686:211.242   Value=0x00000000
T5398 5686:211.298 - 25.217ms returns 0
T5398 5686:411.891 JLINK_CORESIGHT_ReadAPDPReg(AP reg 0x03)
T5398 5686:433.246   Value=0x00000000
T5398 5686:433.301 - 21.416ms returns 0
T5398 5686:633.619 JLINK_CORESIGHT_ReadAPDPReg(AP reg 0x03)
T5398 5686:658.123   Value=0x00000000
T5398 5686:658.241 - 24.643ms returns 0
T5398 5686:858.316 JLINK_CORESIGHT_ReadAPDPReg(AP reg 0x03)
T5398 5686:883.368   Value=0x00000000
T5398 5686:883.402 - 25.090ms returns 0
T5398 5687:083.328 JLINK_CORESIGHT_ReadAPDPReg(AP reg 0x03)
T5398 5687:108.200   Value=0x00000000
T5398 5687:108.409 - 25.105ms returns 0
T5398 5687:308.731 JLINK_CORESIGHT_ReadAPDPReg(AP reg 0x03)
T5398 5687:330.083   Value=0x00000000
T5398 5687:330.128 - 21.402ms returns 0
T5398 5687:530.184 JLINK_CORESIGHT_ReadAPDPReg(AP reg 0x03)
T5398 5687:555.190   Value=0x00000000
T5398 5687:555.378 - 25.215ms returns 0
T5398 5687:755.602 JLINK_CORESIGHT_ReadAPDPReg(AP reg 0x03)
T5398 5687:780.099   Value=0x00000000
T5398 5687:780.131 - 24.533ms returns 0
T5398 5687:979.968 JLINK_CORESIGHT_ReadAPDPReg(AP reg 0x03)
T5398 5688:005.156   Value=0x00000000
T5398 5688:005.186 - 25.222ms returns 0
T5398 5688:205.354 JLINK_CORESIGHT_ReadAPDPReg(AP reg 0x03)
T5398 5688:230.083   Value=0x00000000
T5398 5688:230.119 - 24.770ms returns 0
T5398 5688:429.732 JLINK_CORESIGHT_ReadAPDPReg(AP reg 0x03)
T5398 5688:451.161   Value=0x00000000
T5398 5688:451.190 - 21.462ms returns 0
T5398 5688:651.236 JLINK_CORESIGHT_ReadAPDPReg(AP reg 0x03)
T5398 5688:676.239   Value=0x00000000
T5398 5688:676.391 - 25.159ms returns 0
T5398 5688:876.640 JLINK_CORESIGHT_ReadAPDPReg(AP reg 0x03)
T5398 5688:901.591   Value=0x00000000
T5398 5688:901.640 - 25.004ms returns 0
T5398 5689:102.518 JLINK_CORESIGHT_ReadAPDPReg(AP reg 0x03)
T5398 5689:126.138   Value=0x00000000
T5398 5689:126.167 - 23.652ms returns 0
T5398 5689:325.890 JLINK_CORESIGHT_ReadAPDPReg(AP reg 0x03)
T5398 5689:351.103   Value=0x00000000
T5398 5689:351.133 - 25.247ms returns 0
T5398 5689:551.253 JLINK_CORESIGHT_ReadAPDPReg(AP reg 0x03)
T5398 5689:573.120   Value=0x00000000
T5398 5689:573.151 - 21.903ms returns 0
T5398 5689:773.719 JLINK_CORESIGHT_ReadAPDPReg(AP reg 0x03)
T5398 5689:798.134   Value=0x00000000
T5398 5689:798.174 - 24.462ms returns 0
T5398 5689:998.154 JLINK_CORESIGHT_ReadAPDPReg(AP reg 0x03)
T5398 5690:023.168   Value=0x00000000
T5398 5690:023.200 - 25.050ms returns 0
T5398 5690:223.091 JLINK_CORESIGHT_ReadAPDPReg(AP reg 0x03)
T5398 5690:225.153   Value=0x00000000
T5398 5690:225.184 - 2.097ms returns 0
T5398 5690:425.544 JLINK_CORESIGHT_ReadAPDPReg(AP reg 0x03)
T5398 5690:427.713   Value=0x00000000
T5398 5690:427.834 - 2.294ms returns 0
T5398 5690:627.627 JLINK_CORESIGHT_ReadAPDPReg(AP reg 0x03)
T5398 5690:658.403   Value=0x00000000
T5398 5690:658.435 - 30.813ms returns 0
T5398 5690:858.476 JLINK_CORESIGHT_ReadAPDPReg(AP reg 0x03)
T5398 5690:858.784   Value=0x00000000
T5398 5690:858.808 - 0.336ms returns 0
T5398 5691:058.522 JLINK_CORESIGHT_ReadAPDPReg(AP reg 0x03)
T5398 5691:058.800   Value=0x00000000
T5398 5691:058.819 - 0.301ms returns 0
T5398 5691:258.929 JLINK_CORESIGHT_ReadAPDPReg(AP reg 0x03)
T5398 5691:259.164   Value=0x00000000
T5398 5691:259.185 - 0.260ms returns 0
T5398 5691:459.681 JLINK_CORESIGHT_ReadAPDPReg(AP reg 0x03)
T5398 5691:459.925   Value=0x00000000
T5398 5691:459.942 - 0.265ms returns 0
T5398 5691:659.995 JLINK_CORESIGHT_ReadAPDPReg(AP reg 0x03)
T5398 5691:660.400   Value=0x00000000
T5398 5691:660.416 - 0.426ms returns 0
T5398 5691:860.321 JLINK_CORESIGHT_ReadAPDPReg(AP reg 0x03)
T5398 5691:860.559   Value=0x00000000
T5398 5691:860.581 - 0.264ms returns 0
T5398 5692:060.828 JLINK_CORESIGHT_ReadAPDPReg(AP reg 0x03)
T5398 5692:061.108   Value=0x00000000
T5398 5692:061.136 - 0.313ms returns 0
T5398 5692:261.500 JLINK_CORESIGHT_ReadAPDPReg(AP reg 0x03)
T5398 5692:261.824   Value=0x00000000
T5398 5692:261.851 - 0.356ms returns 0
T5398 5692:462.261 JLINK_CORESIGHT_ReadAPDPReg(AP reg 0x03)
T5398 5692:462.636   Value=0x00000000
T5398 5692:462.653 - 0.397ms returns 0
T5398 5692:662.615 JLINK_CORESIGHT_ReadAPDPReg(AP reg 0x03)
T5398 5692:662.914   Value=0x00000000
T5398 5692:662.930 - 0.318ms returns 0
T5398 5692:863.257 JLINK_CORESIGHT_ReadAPDPReg(AP reg 0x03)
T5398 5692:863.576   Value=0x00000000
T5398 5692:863.594 - 0.341ms returns 0
T5398 5693:063.543 JLINK_CORESIGHT_ReadAPDPReg(AP reg 0x03)
T5398 5693:063.774   Value=0x00000000
T5398 5693:063.795 - 0.255ms returns 0
T5398 5693:264.588 JLINK_CORESIGHT_ReadAPDPReg(AP reg 0x03)
T5398 5693:265.135   Value=0x00000000
T5398 5693:265.255 - 0.687ms returns 0
T5398 5693:465.612 JLINK_CORESIGHT_ReadAPDPReg(AP reg 0x03)
T5398 5693:466.061   Value=0x00000000
T5398 5693:466.151 - 0.558ms returns 0
T5398 5693:665.936 JLINK_CORESIGHT_ReadAPDPReg(AP reg 0x03)
T5398 5693:667.421   Value=0x00000000
T5398 5693:667.443 - 1.511ms returns 0
T5398 5693:867.453 JLINK_CORESIGHT_ReadAPDPReg(AP reg 0x03)
T5398 5693:873.136   Value=0x00000000
T5398 5693:873.168 - 5.719ms returns 0
T5398 5694:073.349 JLINK_CORESIGHT_ReadAPDPReg(AP reg 0x03)
T5398 5694:077.612   Value=0x00000000
T5398 5694:077.643 - 4.298ms returns 0
T5398 5694:284.631 JLINK_GetHWStatus(...)
T5398 5694:284.781 - 0.162ms returns 0
T5398 5696:874.870 JLINK_Close()
T5398 5696:909.196 - 34.357ms
T5398 5696:909.236   
T5398 5696:909.249   Closed
